[0m[1mgoogle_compute_instance.vm: Refreshing state... [id=projects/tf-gcp-training/zones/us-central1-c/instances/vm2][0m
[0m
[1m[36mNote:[0m[1m Objects have changed outside of Terraform[0m

[0mTerraform detected the following changes made outside of Terraform since the
last "terraform apply":

[1m  # google_compute_instance.vm[0m has been changed[0m[0m
[0m  [33m~[0m[0m resource "google_compute_instance" "vm" {
        [1m[0mid[0m[0m                   = "projects/tf-gcp-training/zones/us-central1-c/instances/vm2"
      [32m+[0m [0m[1m[0mlabels[0m[0m               = {}
      [32m+[0m [0m[1m[0mmetadata[0m[0m             = {}
        [1m[0mname[0m[0m                 = "vm2"
      [32m+[0m [0m[1m[0mresource_policies[0m[0m    = []
      [32m+[0m [0m[1m[0mtags[0m[0m                 = []
        [90m# (14 unchanged attributes hidden)[0m[0m




        [90m# (4 unchanged blocks hidden)[0m[0m
    }

Unless you have made equivalent changes to your configuration, or ignored the
relevant attributes using ignore_changes, the following plan may include
actions to undo or respond to these changes.
[90m
─────────────────────────────────────────────────────────────────────────────[0m

[0m[1m[32mNo changes.[0m[1m Your infrastructure matches the configuration.[0m

[0mYour configuration already matches the changes detected above. If you'd like
to update the Terraform state to match, create and apply a refresh-only plan:
  terraform apply -refresh-only
[0m[1m[32m
Apply complete! Resources: 0 added, 0 changed, 0 destroyed.
[0m[0m[1m[32m
Outputs:

[0mpublic_ip = "34.71.7.41"
